#
# There is insufficient memory for the Java Runtime Environment to continue.
# Native memory allocation (mmap) failed to map 266338304 bytes for Failed to commit area from 0x0000000703400000 to 0x0000000713200000 of length 266338304.
# Possible reasons:
#   The system is out of physical RAM or swap space
#   The process is running with CompressedOops enabled, and the Java Heap may be blocking the growth of the native heap
# Possible solutions:
#   Reduce memory load on the system
#   Increase physical memory or swap space
#   Check if swap backing store is full
#   Decrease Java heap size (-Xmx/-Xms)
#   Decrease number of Java threads
#   Decrease Java thread stack sizes (-Xss)
#   Set larger code cache with -XX:ReservedCodeCacheSize=
# This output file may be truncated or incomplete.
#
#  Out of Memory Error (./src/hotspot/os/windows/os_windows.cpp:3301), pid=20128, tid=1912
#
# JRE version:  (11.0.11+9) (build )
# Java VM: OpenJDK 64-Bit Server VM (11.0.11+9-b60-7590822, mixed mode, sharing, tiered, compressed oops, g1 gc, windows-amd64)
# No core dump will be written. Minidumps are not enabled by default on client versions of Windows
#

---------------  S U M M A R Y ------------

Command Line: org.jetbrains.git4idea.http.GitAskPassApp Username for 'https://github.com': 

Host: Intel(R) Core(TM) i7-10870H CPU @ 2.20GHz, 16 cores, 15G,  Windows 10 , 64 bit Build 22000 (10.0.22000.434)
Time: Thu Mar 24 23:50:31 2022 India Standard Time elapsed time: 0.007679 seconds (0d 0h 0m 0s)

---------------  T H R E A D  ---------------

Current thread (0x0000027ef0cae800):  JavaThread "Unknown thread" [_thread_in_vm, id=1912, stack(0x000000ad2cf00000,0x000000ad2d000000)]

Stack: [0x000000ad2cf00000,0x000000ad2d000000]
Native frames: (J=compiled Java code, j=interpreted, Vv=VM code, C=native code)
V  [jvm.dll+0x5f214a]
V  [jvm.dll+0x726fb5]
V  [jvm.dll+0x7285cd]
V  [jvm.dll+0x728c83]
V  [jvm.dll+0x243278]
V  [jvm.dll+0x5ef544]
V  [jvm.dll+0x5e4495]
V  [jvm.dll+0x2fec5b]
V  [jvm.dll+0x2febca]
V  [jvm.dll+0x2feaa2]
V  [jvm.dll+0x303986]
V  [jvm.dll+0x34c3a3]
V  [jvm.dll+0x34caa6]
V  [jvm.dll+0x34c4a3]
V  [jvm.dll+0x2d9688]
V  [jvm.dll+0x2da837]
V  [jvm.dll+0x705ba7]
V  [jvm.dll+0x70739c]
V  [jvm.dll+0x3598f9]
V  [jvm.dll+0x6e931e]
V  [jvm.dll+0x3c1c43]
V  [jvm.dll+0x3c3e81]
C  [jli.dll+0x5373]
C  [ucrtbase.dll+0x26c0c]
C  [KERNEL32.DLL+0x154e0]
C  [ntdll.dll+0x485b]


---------------  P R O C E S S  ---------------

Threads class SMR info:
_java_thread_list=0x0000027eeeae5570, length=0, elements={
}

Java Threads: ( => current thread )

Other Threads:
  0x0000027ef0cc7000 GCTaskThread "GC Thread#0" [stack: 0x000000ad2d000000,0x000000ad2d100000] [id=7336]
  0x0000027ef0d25800 ConcurrentGCThread "G1 Main Marker" [stack: 0x000000ad2d100000,0x000000ad2d200000] [id=21892]
  0x0000027ef0d28000 ConcurrentGCThread "G1 Conc#0" [stack: 0x000000ad2d200000,0x000000ad2d300000] [id=4124]

[error occurred during error reporting (printing all threads), id 0xc0000005, EXCEPTION_ACCESS_VIOLATION (0xc0000005) at pc=0x00007fff56ca9c47]

VM state:not at safepoint (not fully initialized)

VM Mutex/Monitor currently owned by a thread:  ([mutex/lock_event])
[0x0000027ef0caac60] Heap_lock - owner thread: 0x0000027ef0cae800

Heap address: 0x0000000703400000, size: 4044 MB, Compressed Oops mode: Non-zero based: 0x0000000703400000
Narrow klass base: 0x0000000000000000, Narrow klass shift: 0

GC Heap History (0 events):
No events

Deoptimization events (0 events):
No events

Classes redefined (0 events):
No events

Internal exceptions (0 events):
No events

Events (1 events):
Event: 0.005 Loaded shared library C:\Program Files\Android\Android Studio\jre\bin\zip.dll


Dynamic libraries:
0x00007ff690310000 - 0x00007ff69031a000 	C:\Program Files\Android\Android Studio\jre\bin\java.exe
0x00007fffb1e40000 - 0x00007fffb2049000 	C:\WINDOWS\SYSTEM32\ntdll.dll
0x00007fffb0ee0000 - 0x00007fffb0f9d000 	C:\WINDOWS\System32\KERNEL32.DLL
0x00007fffaf4f0000 - 0x00007fffaf864000 	C:\WINDOWS\System32\KERNELBASE.dll
0x00007fffaf330000 - 0x00007fffaf441000 	C:\WINDOWS\System32\ucrtbase.dll
0x00007fffa67a0000 - 0x00007fffa67b9000 	C:\Program Files\Android\Android Studio\jre\bin\jli.dll
0x00007fffa6770000 - 0x00007fffa6787000 	C:\Program Files\Android\Android Studio\jre\bin\VCRUNTIME140.dll
0x00007fffb0040000 - 0x00007fffb01ec000 	C:\WINDOWS\System32\USER32.dll
0x00007fffa3b90000 - 0x00007fffa3e35000 	C:\WINDOWS\WinSxS\amd64_microsoft.windows.common-controls_6595b64144ccf1df_6.0.22000.120_none_9d947278b86cc467\COMCTL32.dll
0x00007fffaf450000 - 0x00007fffaf476000 	C:\WINDOWS\System32\win32u.dll
0x00007fffb09a0000 - 0x00007fffb0a43000 	C:\WINDOWS\System32\msvcrt.dll
0x00007fffb0cd0000 - 0x00007fffb0cf9000 	C:\WINDOWS\System32\GDI32.dll
0x00007fffafbc0000 - 0x00007fffafcd2000 	C:\WINDOWS\System32\gdi32full.dll
0x00007fffaf9e0000 - 0x00007fffafa7d000 	C:\WINDOWS\System32\msvcp_win.dll
0x00007fffb0ea0000 - 0x00007fffb0ed1000 	C:\WINDOWS\System32\IMM32.DLL
0x00007fff7aeb0000 - 0x00007fff7af4d000 	C:\Program Files\Android\Android Studio\jre\bin\msvcp140.dll
0x00007fff569c0000 - 0x00007fff57495000 	C:\Program Files\Android\Android Studio\jre\bin\server\jvm.dll
0x00007fffb1c40000 - 0x00007fffb1cee000 	C:\WINDOWS\System32\ADVAPI32.dll
0x00007fffb1470000 - 0x00007fffb150e000 	C:\WINDOWS\System32\sechost.dll
0x00007fffafce0000 - 0x00007fffafe00000 	C:\WINDOWS\System32\RPCRT4.dll
0x00007fffb0030000 - 0x00007fffb0038000 	C:\WINDOWS\System32\PSAPI.DLL
0x00007fff9dc40000 - 0x00007fff9dc49000 	C:\WINDOWS\SYSTEM32\WSOCK32.dll
0x00007fffa6600000 - 0x00007fffa6633000 	C:\WINDOWS\SYSTEM32\WINMM.dll
0x00007fffa6570000 - 0x00007fffa657a000 	C:\WINDOWS\SYSTEM32\VERSION.dll
0x00007fffb0a50000 - 0x00007fffb0abf000 	C:\WINDOWS\System32\WS2_32.dll
0x00007fffae520000 - 0x00007fffae538000 	C:\WINDOWS\SYSTEM32\kernel.appcore.dll
0x00007fffa6700000 - 0x00007fffa6711000 	C:\Program Files\Android\Android Studio\jre\bin\verify.dll
0x00007fffa9960000 - 0x00007fffa9b81000 	C:\WINDOWS\SYSTEM32\DBGHELP.DLL
0x00007fffa1730000 - 0x00007fffa1761000 	C:\WINDOWS\SYSTEM32\dbgcore.DLL
0x00007fffafa80000 - 0x00007fffafaff000 	C:\WINDOWS\System32\bcryptPrimitives.dll
0x00007fff9b780000 - 0x00007fff9b7a9000 	C:\Program Files\Android\Android Studio\jre\bin\java.dll
0x00007fffa6790000 - 0x00007fffa679b000 	C:\Program Files\Android\Android Studio\jre\bin\jimage.dll
0x00007fff964d0000 - 0x00007fff964e8000 	C:\Program Files\Android\Android Studio\jre\bin\zip.dll

dbghelp: loaded successfully - version: 4.0.5 - missing functions: none
symbol engine: initialized successfully - sym options: 0x614 - pdb path: .;C:\Program Files\Android\Android Studio\jre\bin;C:\WINDOWS\SYSTEM32;C:\WINDOWS\WinSxS\amd64_microsoft.windows.common-controls_6595b64144ccf1df_6.0.22000.120_none_9d947278b86cc467;C:\Program Files\Android\Android Studio\jre\bin\server

VM Arguments:
java_command: org.jetbrains.git4idea.http.GitAskPassApp Username for 'https://github.com': 
java_class_path (initial): C:/Program Files/Android/Android Studio/plugins/git4idea/lib/git4idea-rt.jar;C:/Program Files/Android/Android Studio/lib/xmlrpc-2.0.1.jar;C:/Program Files/Android/Android Studio/lib/commons-codec-1.15.jar
Launcher Type: SUN_STANDARD

[Global flags]
     intx CICompilerCount                          = 12                                        {product} {ergonomic}
     uint ConcGCThreads                            = 3                                         {product} {ergonomic}
     uint G1ConcRefinementThreads                  = 13                                        {product} {ergonomic}
   size_t G1HeapRegionSize                         = 1048576                                   {product} {ergonomic}
    uintx GCDrainStackTargetSize                   = 64                                        {product} {ergonomic}
   size_t InitialHeapSize                          = 266338304                                 {product} {ergonomic}
   size_t MarkStackSize                            = 4194304                                   {product} {ergonomic}
   size_t MaxHeapSize                              = 4240441344                                {product} {ergonomic}
   size_t MinHeapDeltaBytes                        = 1048576                                   {product} {ergonomic}
    uintx NonNMethodCodeHeapSize                   = 7594288                                {pd product} {ergonomic}
    uintx NonProfiledCodeHeapSize                  = 122031976                              {pd product} {ergonomic}
    uintx ProfiledCodeHeapSize                     = 122031976                              {pd product} {ergonomic}
    uintx ReservedCodeCacheSize                    = 251658240                              {pd product} {ergonomic}
     bool SegmentedCodeCache                       = true                                      {product} {ergonomic}
     bool UseCompressedClassPointers               = true                                 {lp64_product} {ergonomic}
     bool UseCompressedOops                        = true                                 {lp64_product} {ergonomic}
     bool UseG1GC                                  = true                                      {product} {ergonomic}
     bool UseLargePagesIndividualAllocation        = false                                  {pd product} {ergonomic}

Logging:
Log output configuration:
 #0: stdout all=warning uptime,level,tags
 #1: stderr all=off uptime,level,tags

Environment Variables:
JAVA_HOME=C:\Program Files\Java\jdk1.8.0_311
CLASSPATH=C:\Users\Ahaan\Documents\Java\UnitOne\classes
PATH=C:\Program Files\Git\mingw64\libexec\git-core;C:\Program Files\Git\mingw64\libexec\git-core;C:\Program Files\Git\mingw64\bin;C:\Program Files\Git\usr\bin;C:\Users\Ahaan\bin;C:\Program Files (x86)\Common Files\Oracle\Java\javapath;C:\ProgramData\Oracle\Java\javapath;C:\Windows\system32;C:\Windows;C:\Windows\System32\Wbem;C:\Windows\System32\WindowsPowerShell\v1.0;C:\Windows\System32\OpenSSH;C:\Program Files (x86)\NVIDIA Corporation\PhysX\Common;C:\Program Files\NVIDIA Corporation\NVIDIA NvDLISR;C:\Program Files\dotnet;C:\WINDOWS\system32;C:\WINDOWS;C:\WINDOWS\System32\Wbem;C:\WINDOWS\System32\WindowsPowerShell\v1.0;C:\WINDOWS\System32\OpenSSH;C:\Android;C:\Program Files\Java\jdk1.8.0_311\bin;C:\Program Files\Git\cmd;C:\Program Files\MySQL\MySQL Shell 8.0\bin;C:\Users\Ahaan\AppData\Local\Microsoft\WindowsApps;C:\Users\Ahaan\AppData\Local\Programs\Microsoft VS Code\bin;C:\Program Files\mingw-w64\x86_64-8.1.0-posix-seh-rt_v6-rev0\mingw64\bin;C:\src\Flutter\bin;C:\src\mysql-connector-java-5.0.8-bin.ja;.;.
USERNAME=Ahaan
DISPLAY=:0.0
LC_ALL=en_US.UTF-8
OS=Windows_NT
PROCESSOR_IDENTIFIER=Intel64 Family 6 Model 165 Stepping 2, GenuineIntel



---------------  S Y S T E M  ---------------

OS: Windows 10 , 64 bit Build 22000 (10.0.22000.434)
OS uptime: 0 days 10:42 hours

CPU:total 16 (initial active 16) (8 cores per cpu, 2 threads per core) family 6 model 165 stepping 2 microcode 0xe0, cmov, cx8, fxsr, mmx, sse, sse2, sse3, ssse3, sse4.1, sse4.2, popcnt, avx, avx2, aes, clmul, erms, 3dnowpref, lzcnt, ht, tsc, tscinvbit, bmi1, bmi2, adx, fma

Memory: 4k page, system-wide physical 16168M (4684M free)
TotalPageFile size 19085M (AvailPageFile size 256M)
current process WorkingSet (physical memory assigned to process): 10M, peak: 10M
current process commit charge ("private bytes"): 71M, peak: 325M

vm_info: OpenJDK 64-Bit Server VM (11.0.11+9-b60-7590822) for windows-amd64 JRE (11.0.11+9-b60-7590822), built on Jul 29 2021 21:43:44 by "builder" with MS VC++ 14.0 (VS2015)

END.
